[debug] [2025-08-13T09:00:35.432Z] ----------------------------------------------------------------------
[debug] [2025-08-13T09:00:35.438Z] Command:       C:\Program Files\nodejs\node.exe C:\Users\Administrator\AppData\Roaming\npm\node_modules\firebase-tools\lib\bin\firebase.js init hosting
[debug] [2025-08-13T09:00:35.439Z] CLI Version:   14.12.0
[debug] [2025-08-13T09:00:35.439Z] Platform:      win32
[debug] [2025-08-13T09:00:35.439Z] Node Version:  v22.16.0
[debug] [2025-08-13T09:00:35.439Z] Time:          Wed Aug 13 2025 12:00:35 GMT+0300 (Israel Daylight Time)
[debug] [2025-08-13T09:00:35.440Z] ----------------------------------------------------------------------
[debug] 
[debug] [2025-08-13T09:00:35.899Z] > command requires scopes: ["email","openid","https://www.googleapis.com/auth/cloudplatformprojects.readonly","https://www.googleapis.com/auth/firebase","https://www.googleapis.com/auth/cloud-platform"]
[debug] [2025-08-13T09:00:35.899Z] > authorizing via signed-in user (hanardept@gmail.com)
[info] 
     ######## #### ########  ######## ########     ###     ######  ########
     ##        ##  ##     ## ##       ##     ##  ##   ##  ##       ##
     ######    ##  ########  ######   ########  #########  ######  ######
     ##        ##  ##    ##  ##       ##     ## ##     ##       ## ##
     ##       #### ##     ## ######## ########  ##     ##  ######  ########

You're about to initialize a Firebase project in this directory:

  C:\Takzir\Takzir_Frontend

Before we get started, keep in mind:

  * You are currently outside your home directory
  * You are initializing within an existing Firebase project directory

[info] 
=== Project Setup
[info] 
[info] First, let's associate this project directory with a Firebase project.
[info] You can create multiple project aliases by running firebase use --add, 
[info] but for now we'll just set up a default project.
[info] 
[debug] [2025-08-13T09:00:47.713Z] Using project from CLI flag: takzir-95a86
[debug] [2025-08-13T09:00:47.715Z] Checked if tokens are valid: true, expires at: 1755078108547
[debug] [2025-08-13T09:00:47.715Z] Checked if tokens are valid: true, expires at: 1755078108547
[debug] [2025-08-13T09:00:47.717Z] >>> [apiv2][query] GET https://firebase.googleapis.com/v1beta1/projects/takzir-95a86 [none]
[debug] [2025-08-13T09:00:48.244Z] <<< [apiv2][status] GET https://firebase.googleapis.com/v1beta1/projects/takzir-95a86 200
[debug] [2025-08-13T09:00:48.244Z] <<< [apiv2][body] GET https://firebase.googleapis.com/v1beta1/projects/takzir-95a86 {"projectId":"takzir-95a86","projectNumber":"5915076344","displayName":"Takzir","name":"projects/takzir-95a86","resources":{"hostingSite":"takzir-95a86"},"state":"ACTIVE","etag":"1_890bcd36-09ce-42d3-bf43-d399aec004da"}
[info] i  Using project takzir-95a86 (Takzir) 
[info] 
=== Hosting Setup
[debug] [2025-08-13T09:00:48.399Z] Checked if tokens are valid: true, expires at: 1755078108547
[debug] [2025-08-13T09:00:48.400Z] Checked if tokens are valid: true, expires at: 1755078108547
[debug] [2025-08-13T09:00:48.400Z] >>> [apiv2][query] GET https://firebase.googleapis.com/v1beta1/projects/takzir-95a86 [none]
[debug] [2025-08-13T09:00:48.649Z] <<< [apiv2][status] GET https://firebase.googleapis.com/v1beta1/projects/takzir-95a86 200
[debug] [2025-08-13T09:00:48.649Z] <<< [apiv2][body] GET https://firebase.googleapis.com/v1beta1/projects/takzir-95a86 {"projectId":"takzir-95a86","projectNumber":"5915076344","displayName":"Takzir","name":"projects/takzir-95a86","resources":{"hostingSite":"takzir-95a86"},"state":"ACTIVE","etag":"1_890bcd36-09ce-42d3-bf43-d399aec004da"}
[info] 
[info] Your public directory is the folder (relative to your project directory) that
[info] will contain Hosting assets to be uploaded with firebase deploy. If you
[info] have a build process for your assets, use your build's output directory.
[info] 
[debug] [2025-08-13T09:00:57.201Z] ExitPromptError: User force closed the prompt with SIGINT
    at Interface.sigint (C:\Users\Administrator\AppData\Roaming\npm\node_modules\firebase-tools\node_modules\@inquirer\core\dist\commonjs\lib\create-prompt.js:101:37)
    at Interface.emit (node:events:518:28)
    at Interface.emit (node:domain:489:12)
    at [_ttyWrite] [as _ttyWrite] (node:internal/readline/interface:1128:18)
    at ReadStream.onkeypress (node:internal/readline/interface:267:20)
    at ReadStream.emit (node:events:530:35)
    at ReadStream.emit (node:domain:489:12)
    at emitKeys (node:internal/readline/utils:370:14)
    at emitKeys.next (<anonymous>)
    at ReadStream.onData (node:internal/readline/emitKeypressEvents:64:36)
[error] 
[error] Error: An unexpected error has occurred.
[debug] [2025-08-13T09:01:03.529Z] ----------------------------------------------------------------------
[debug] [2025-08-13T09:01:03.537Z] Command:       C:\Program Files\nodejs\node.exe C:\Users\Administrator\AppData\Roaming\npm\node_modules\firebase-tools\lib\bin\firebase.js init hosting
[debug] [2025-08-13T09:01:03.538Z] CLI Version:   14.12.0
[debug] [2025-08-13T09:01:03.538Z] Platform:      win32
[debug] [2025-08-13T09:01:03.539Z] Node Version:  v22.16.0
[debug] [2025-08-13T09:01:03.542Z] Time:          Wed Aug 13 2025 12:01:03 GMT+0300 (Israel Daylight Time)
[debug] [2025-08-13T09:01:03.542Z] ----------------------------------------------------------------------
[debug] 
[debug] [2025-08-13T09:01:04.129Z] > command requires scopes: ["email","openid","https://www.googleapis.com/auth/cloudplatformprojects.readonly","https://www.googleapis.com/auth/firebase","https://www.googleapis.com/auth/cloud-platform"]
[debug] [2025-08-13T09:01:04.130Z] > authorizing via signed-in user (hanardept@gmail.com)
[info] 
     ######## #### ########  ######## ########     ###     ######  ########
     ##        ##  ##     ## ##       ##     ##  ##   ##  ##       ##
     ######    ##  ########  ######   ########  #########  ######  ######
     ##        ##  ##    ##  ##       ##     ## ##     ##       ## ##
     ##       #### ##     ## ######## ########  ##     ##  ######  ########

You're about to initialize a Firebase project in this directory:

  C:\Takzir\Takzir_Frontend

Before we get started, keep in mind:

  * You are currently outside your home directory
  * You are initializing within an existing Firebase project directory

[info] 
=== Project Setup
[info] 
[info] First, let's associate this project directory with a Firebase project.
[info] You can create multiple project aliases by running firebase use --add, 
[info] but for now we'll just set up a default project.
[info] 
[debug] [2025-08-13T09:01:25.921Z] Using project from CLI flag: takzir-95a86
[debug] [2025-08-13T09:01:25.923Z] Checked if tokens are valid: true, expires at: 1755078108547
[debug] [2025-08-13T09:01:25.923Z] Checked if tokens are valid: true, expires at: 1755078108547
[debug] [2025-08-13T09:01:25.925Z] >>> [apiv2][query] GET https://firebase.googleapis.com/v1beta1/projects/takzir-95a86 [none]
[debug] [2025-08-13T09:01:26.321Z] <<< [apiv2][status] GET https://firebase.googleapis.com/v1beta1/projects/takzir-95a86 200
[debug] [2025-08-13T09:01:26.321Z] <<< [apiv2][body] GET https://firebase.googleapis.com/v1beta1/projects/takzir-95a86 {"projectId":"takzir-95a86","projectNumber":"5915076344","displayName":"Takzir","name":"projects/takzir-95a86","resources":{"hostingSite":"takzir-95a86"},"state":"ACTIVE","etag":"1_890bcd36-09ce-42d3-bf43-d399aec004da"}
[info] i  Using project takzir-95a86 (Takzir) 
[info] 
=== Hosting Setup
[debug] [2025-08-13T09:01:26.463Z] Checked if tokens are valid: true, expires at: 1755078108547
[debug] [2025-08-13T09:01:26.463Z] Checked if tokens are valid: true, expires at: 1755078108547
[debug] [2025-08-13T09:01:26.464Z] >>> [apiv2][query] GET https://firebase.googleapis.com/v1beta1/projects/takzir-95a86 [none]
[debug] [2025-08-13T09:01:26.724Z] <<< [apiv2][status] GET https://firebase.googleapis.com/v1beta1/projects/takzir-95a86 200
[debug] [2025-08-13T09:01:26.724Z] <<< [apiv2][body] GET https://firebase.googleapis.com/v1beta1/projects/takzir-95a86 {"projectId":"takzir-95a86","projectNumber":"5915076344","displayName":"Takzir","name":"projects/takzir-95a86","resources":{"hostingSite":"takzir-95a86"},"state":"ACTIVE","etag":"1_890bcd36-09ce-42d3-bf43-d399aec004da"}
[info] 
[info] Your public directory is the folder (relative to your project directory) that
[info] will contain Hosting assets to be uploaded with firebase deploy. If you
[info] have a build process for your assets, use your build's output directory.
[info] 
[debug] [2025-08-13T09:01:41.939Z] >>> [apiv2][query] GET https://www.gstatic.com/firebasejs/releases.json [none]
[debug] [2025-08-13T09:01:42.097Z] <<< [apiv2][status] GET https://www.gstatic.com/firebasejs/releases.json 200
[debug] [2025-08-13T09:01:42.098Z] <<< [apiv2][body] GET https://www.gstatic.com/firebasejs/releases.json {"current":{"version":"12.1.0","browserURL":"https://www.gstatic.com/firebasejs/12.1.0/firebase.js","packageURL":"https://www.gstatic.com/firebasejs/12.1.0/firebase.tgz"},"live":{"version":"12.1","browserURL":"https://www.gstatic.com/firebasejs/live/12.1/firebase.js","packageURL":"https://www.gstatic.com/firebasejs/live/12.1/firebase.tgz"},"components":{"ai":"https://www.gstatic.com/firebasejs/12.1.0/firebase-ai.js","analytics":"https://www.gstatic.com/firebasejs/12.1.0/firebase-analytics.js","app":"https://www.gstatic.com/firebasejs/12.1.0/firebase-app.js","app-check":"https://www.gstatic.com/firebasejs/12.1.0/firebase-app-check.js","auth":"https://www.gstatic.com/firebasejs/12.1.0/firebase-auth.js","auth/cordova":"https://www.gstatic.com/firebasejs/12.1.0/firebase-auth/cordova.js","auth/web-extension":"https://www.gstatic.com/firebasejs/12.1.0/firebase-auth/web-extension.js","functions":"https://www.gstatic.com/firebasejs/12.1.0/firebase-functions.js","firestore":"https://www.gstatic.com/firebasejs/12.1.0/firebase-firestore.js","firestore/lite":"https://www.gstatic.com/firebasejs/12.1.0/firebase-firestore/lite.js","installations":"https://www.gstatic.com/firebasejs/12.1.0/firebase-installations.js","storage":"https://www.gstatic.com/firebasejs/12.1.0/firebase-storage.js","performance":"https://www.gstatic.com/firebasejs/12.1.0/firebase-performance.js","remote-config":"https://www.gstatic.com/firebasejs/12.1.0/firebase-remote-config.js","messaging":"https://www.gstatic.com/firebasejs/12.1.0/firebase-messaging.js","messaging/sw":"https://www.gstatic.com/firebasejs/12.1.0/firebase-messaging/sw.js","database":"https://www.gstatic.com/firebasejs/12.1.0/firebase-database.js","data-connect":"https://www.gstatic.com/firebasejs/12.1.0/firebase-data-connect.js","firestore.memory":"https://www.gstatic.com/firebasejs/12.1.0/firebase-firestore.memory.js"}}
[info] i  Skipping write of public/index.html 
[info] 
[info] i  Detected a .git folder at C:\Takzir\Takzir_Frontend 
[info] i  Authorizing with GitHub to upload your service account to a GitHub repository's secrets store. 
[info] 
[info] Visit this URL on this device to log in:
[info] https://github.com/login/oauth/authorize?client_id=89cf50f02ac6aaed3484&state=191791657&redirect_uri=http%3A%2F%2Flocalhost%3A9005&scope=read%3Auser%20repo%20public_repo
[info] 
[info] Waiting for authentication...
[debug] [2025-08-13T09:01:44.499Z] >>> [apiv2][query] POST https://github.com/login/oauth/access_token [none]
[debug] [2025-08-13T09:01:44.499Z] >>> [apiv2][body] POST https://github.com/login/oauth/access_token [stream]
[debug] [2025-08-13T09:01:44.860Z] <<< [apiv2][status] POST https://github.com/login/oauth/access_token 200
[debug] [2025-08-13T09:01:44.861Z] <<< [apiv2][body] POST https://github.com/login/oauth/access_token {"access_token":"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","token_type":"bearer","scope":"read:user,repo"}
[debug] [2025-08-13T09:01:44.876Z] >>> [apiv2][query] GET https://api.github.com/user [none]
[debug] [2025-08-13T09:01:45.248Z] <<< [apiv2][status] GET https://api.github.com/user 200
[debug] [2025-08-13T09:01:45.248Z] <<< [apiv2][body] GET https://api.github.com/user {"login":"hanardept","id":111859599,"node_id":"U_kgDOBqrXjw","avatar_url":"https://avatars.githubusercontent.com/u/111859599?v=4","gravatar_id":"","url":"https://api.github.com/users/hanardept","html_url":"https://github.com/hanardept","followers_url":"https://api.github.com/users/hanardept/followers","following_url":"https://api.github.com/users/hanardept/following{/other_user}","gists_url":"https://api.github.com/users/hanardept/gists{/gist_id}","starred_url":"https://api.github.com/users/hanardept/starred{/owner}{/repo}","subscriptions_url":"https://api.github.com/users/hanardept/subscriptions","organizations_url":"https://api.github.com/users/hanardept/orgs","repos_url":"https://api.github.com/users/hanardept/repos","events_url":"https://api.github.com/users/hanardept/events{/privacy}","received_events_url":"https://api.github.com/users/hanardept/received_events","type":"User","user_view_type":"private","site_admin":false,"name":null,"company":null,"blog":"","location":null,"email":null,"hireable":null,"bio":null,"twitter_username":null,"notification_email":null,"public_repos":5,"public_gists":0,"followers":1,"following":0,"created_at":"2022-08-23T08:48:03Z","updated_at":"2025-06-29T10:41:44Z","private_gists":0,"total_private_repos":2,"owned_private_repos":2,"disk_usage":2139,"collaborators":0,"two_factor_authentication":false,"plan":{"name":"free","space":976562499,"collaborators":0,"private_repos":10000}}
[info] 
[info] +  Success! Logged into GitHub as hanardept 
[info] 
